{"/Users/mark/git/react-api-wrapper/src/index.ts": {"path":"/Users/mark/git/react-api-wrapper/src/index.ts","statementMap":{"0":{"start":{"line":2,"column":0},"end":{"line":2,"column":40}},"1":{"start":{"line":4,"column":0},"end":{"line":4,"column":49}},"2":{"start":{"line":5,"column":0},"end":{"line":5,"column":45}},"3":{"start":{"line":6,"column":0},"end":{"line":6,"column":28}},"4":{"start":{"line":8,"column":0},"end":{"line":8,"column":null}},"5":{"start":{"line":9,"column":2},"end":{"line":9,"column":15}},"6":{"start":{"line":11,"column":2},"end":{"line":11,"column":null}},"7":{"start":{"line":9,"column":15},"end":{"line":11,"column":null}},"8":{"start":{"line":13,"column":2},"end":{"line":13,"column":15}},"9":{"start":{"line":14,"column":4},"end":{"line":14,"column":44}},"10":{"start":{"line":15,"column":4},"end":{"line":15,"column":44}},"11":{"start":{"line":16,"column":2},"end":{"line":16,"column":null}},"12":{"start":{"line":13,"column":15},"end":{"line":16,"column":null}},"13":{"start":{"line":29,"column":32},"end":{"line":29,"column":51}},"14":{"start":{"line":30,"column":33},"end":{"line":30,"column":65}},"15":{"start":{"line":32,"column":42},"end":{"line":40,"column":6}},"16":{"start":{"line":34,"column":50},"end":{"line":34,"column":90}},"17":{"start":{"line":35,"column":8},"end":{"line":35,"column":72}},"18":{"start":{"line":35,"column":34},"end":{"line":35,"column":71}},"19":{"start":{"line":36,"column":8},"end":{"line":36,"column":27}},"20":{"start":{"line":39,"column":22},"end":{"line":39,"column":null}},"21":{"start":{"line":42,"column":4},"end":{"line":72,"column":6}},"22":{"start":{"line":43,"column":22},"end":{"line":43,"column":24}},"23":{"start":{"line":45,"column":6},"end":{"line":69,"column":9}},"24":{"start":{"line":46,"column":23},"end":{"line":46,"column":87}},"25":{"start":{"line":47,"column":26},"end":{"line":47,"column":93}},"26":{"start":{"line":49,"column":34},"end":{"line":52,"column":10}},"27":{"start":{"line":54,"column":8},"end":{"line":68,"column":10}},"28":{"start":{"line":55,"column":10},"end":{"line":63,"column":16}},"29":{"start":{"line":56,"column":44},"end":{"line":59,"column":15}},"30":{"start":{"line":60,"column":31},"end":{"line":63,"column":15}},"31":{"start":{"line":65,"column":10},"end":{"line":67,"column":12}},"32":{"start":{"line":71,"column":6},"end":{"line":71,"column":16}},"33":{"start":{"line":74,"column":4},"end":{"line":95,"column":9}},"34":{"start":{"line":75,"column":6},"end":{"line":95,"column":9}},"35":{"start":{"line":76,"column":8},"end":{"line":94,"column":11}},"36":{"start":{"line":77,"column":10},"end":{"line":93,"column":null}},"37":{"start":{"line":79,"column":14},"end":{"line":79,"column":49}},"38":{"start":{"line":80,"column":14},"end":{"line":80,"column":49}},"39":{"start":{"line":81,"column":14},"end":{"line":81,"column":20}},"40":{"start":{"line":83,"column":14},"end":{"line":83,"column":50}},"41":{"start":{"line":84,"column":15},"end":{"line":84,"column":79}},"42":{"start":{"line":85,"column":14},"end":{"line":85,"column":20}},"43":{"start":{"line":87,"column":14},"end":{"line":87,"column":50}},"44":{"start":{"line":88,"column":14},"end":{"line":91,"column":16}},"45":{"start":{"line":92,"column":14},"end":{"line":92,"column":20}},"46":{"start":{"line":97,"column":4},"end":{"line":97,"column":24}},"47":{"start":{"line":28,"column":18},"end":{"line":98,"column":null}}},"fnMap":{"0":{"name":"(anonymous_0)","decl":{"start":{"line":8,"column":0},"end":{"line":8,"column":17}},"loc":{"start":{"line":8,"column":32},"end":{"line":99,"column":1}}},"1":{"name":"(anonymous_1)","decl":{"start":{"line":9,"column":2},"end":{"line":9,"column":15}},"loc":{"start":{"line":9,"column":2},"end":{"line":11,"column":null}}},"2":{"name":"(anonymous_3)","decl":{"start":{"line":13,"column":2},"end":{"line":13,"column":15}},"loc":{"start":{"line":13,"column":2},"end":{"line":16,"column":null}}},"3":{"name":"wrapWithReactApi","decl":{"start":{"line":28,"column":18},"end":{"line":28,"column":34}},"loc":{"start":{"line":28,"column":86},"end":{"line":98,"column":3}}},"4":{"name":"(anonymous_6)","decl":{"start":{"line":33,"column":13},"end":{"line":33,"column":14}},"loc":{"start":{"line":33,"column":19},"end":{"line":37,"column":7}}},"5":{"name":"(anonymous_7)","decl":{"start":{"line":35,"column":27},"end":{"line":35,"column":28}},"loc":{"start":{"line":35,"column":29},"end":{"line":35,"column":36}}},"6":{"name":"(anonymous_8)","decl":{"start":{"line":38,"column":16},"end":{"line":38,"column":23}},"loc":{"start":{"line":38,"column":16},"end":{"line":38,"column":24}}},"7":{"name":"(anonymous_9)","decl":{"start":{"line":39,"column":15},"end":{"line":39,"column":16}},"loc":{"start":{"line":39,"column":17},"end":{"line":39,"column":23}}},"8":{"name":"(anonymous_10)","decl":{"start":{"line":42,"column":28},"end":{"line":42,"column":29}},"loc":{"start":{"line":42,"column":42},"end":{"line":72,"column":5}}},"9":{"name":"(anonymous_11)","decl":{"start":{"line":45,"column":25},"end":{"line":45,"column":26}},"loc":{"start":{"line":45,"column":45},"end":{"line":69,"column":7}}},"10":{"name":"(anonymous_12)","decl":{"start":{"line":54,"column":39},"end":{"line":54,"column":null}},"loc":{"start":{"line":54,"column":39},"end":{"line":68,"column":9}}},"11":{"name":"(anonymous_13)","decl":{"start":{"line":56,"column":18},"end":{"line":56,"column":19}},"loc":{"start":{"line":56,"column":39},"end":{"line":56,"column":52}}},"12":{"name":"(anonymous_14)","decl":{"start":{"line":60,"column":19},"end":{"line":60,"column":20}},"loc":{"start":{"line":60,"column":26},"end":{"line":60,"column":39}}},"13":{"name":"(anonymous_15)","decl":{"start":{"line":74,"column":27},"end":{"line":74,"column":28}},"loc":{"start":{"line":74,"column":90},"end":{"line":75,"column":13}}},"14":{"name":"(anonymous_16)","decl":{"start":{"line":75,"column":21},"end":{"line":75,"column":22}},"loc":{"start":{"line":75,"column":27},"end":{"line":95,"column":7}}},"15":{"name":"(anonymous_17)","decl":{"start":{"line":76,"column":27},"end":{"line":76,"column":28}},"loc":{"start":{"line":76,"column":39},"end":{"line":94,"column":9}}}},"branchMap":{"0":{"loc":{"start":{"line":78,"column":12},"end":{"line":81,"column":20}},"type":"switch","locations":[{"start":{"line":78,"column":12},"end":{"line":81,"column":20}},{"start":{"line":82,"column":12},"end":{"line":85,"column":20}},{"start":{"line":86,"column":12},"end":{"line":92,"column":20}}]},"1":{"loc":{"start":{"line":84,"column":71},"end":{"line":84,"column":73}},"type":"cond-expr","locations":[{"start":{"line":84,"column":71},"end":{"line":84,"column":73}},{"start":{"line":84,"column":71},"end":{"line":84,"column":77}}]},"2":{"loc":{"start":{"line":84,"column":56},"end":{"line":84,"column":73}},"type":"binary-expr","locations":[{"start":{"line":84,"column":56},"end":{"line":84,"column":73}},{"start":{"line":84,"column":71},"end":{"line":84,"column":73}}]},"3":{"loc":{"start":{"line":8,"column":17},"end":{"line":8,"column":32}},"type":"binary-expr","locations":[{"start":{"line":8,"column":17},"end":{"line":8,"column":32}},{"start":{"line":8,"column":17},"end":{"line":8,"column":null}}]}},"s":{"0":8,"1":8,"2":8,"3":8,"4":8,"5":8,"6":8,"7":8,"8":8,"9":1,"10":1,"11":8,"12":8,"13":4,"14":4,"15":4,"16":1,"17":1,"18":2,"19":1,"20":0,"21":4,"22":2,"23":2,"24":4,"25":4,"26":4,"27":4,"28":1,"29":0,"30":0,"31":1,"32":2,"33":4,"34":0,"35":0,"36":0,"37":0,"38":0,"39":0,"40":0,"41":0,"42":0,"43":0,"44":0,"45":0,"46":4,"47":8},"f":{"0":8,"1":20,"2":9,"3":4,"4":1,"5":2,"6":0,"7":0,"8":2,"9":4,"10":1,"11":0,"12":0,"13":0,"14":0,"15":0},"b":{"0":[0,0,0],"1":[0,0],"2":[0,0],"3":[8,8]}}
,"/Users/mark/git/react-api-wrapper/src/keys.ts": {"path":"/Users/mark/git/react-api-wrapper/src/keys.ts","statementMap":{"0":{"start":{"line":1,"column":13},"end":{"line":1,"column":48}},"1":{"start":{"line":2,"column":13},"end":{"line":2,"column":42}}},"fnMap":{},"branchMap":{},"s":{"0":8,"1":8},"f":{},"b":{}}
,"/Users/mark/git/react-api-wrapper/src/toImmerable.ts": {"path":"/Users/mark/git/react-api-wrapper/src/toImmerable.ts","statementMap":{"0":{"start":{"line":1,"column":0},"end":{"line":1,"column":34}},"1":{"start":{"line":4,"column":2},"end":{"line":4,"column":46}},"2":{"start":{"line":3,"column":0},"end":{"line":3,"column":24}}},"fnMap":{"0":{"name":"toImmerable","decl":{"start":{"line":3,"column":24},"end":{"line":3,"column":35}},"loc":{"start":{"line":3,"column":45},"end":{"line":5,"column":1}}}},"branchMap":{},"s":{"0":9,"1":4,"2":9},"f":{"0":4},"b":{}}
,"/Users/mark/git/react-api-wrapper/src/annotations/apiDelete.ts": {"path":"/Users/mark/git/react-api-wrapper/src/annotations/apiDelete.ts","statementMap":{"0":{"start":{"line":1,"column":0},"end":{"line":1,"column":26}},"1":{"start":{"line":2,"column":0},"end":{"line":2,"column":39}},"2":{"start":{"line":5,"column":2},"end":{"line":5,"column":50}},"3":{"start":{"line":4,"column":0},"end":{"line":4,"column":24}}},"fnMap":{"0":{"name":"apiDelete","decl":{"start":{"line":4,"column":24},"end":{"line":4,"column":33}},"loc":{"start":{"line":4,"column":33},"end":{"line":6,"column":1}}}},"branchMap":{},"s":{"0":1,"1":1,"2":1,"3":1},"f":{"0":1},"b":{}}
,"/Users/mark/git/react-api-wrapper/src/annotations/apiGet.ts": {"path":"/Users/mark/git/react-api-wrapper/src/annotations/apiGet.ts","statementMap":{"0":{"start":{"line":1,"column":0},"end":{"line":1,"column":26}},"1":{"start":{"line":2,"column":0},"end":{"line":2,"column":39}},"2":{"start":{"line":5,"column":2},"end":{"line":5,"column":47}},"3":{"start":{"line":4,"column":0},"end":{"line":4,"column":16}}},"fnMap":{"0":{"name":"apiGet","decl":{"start":{"line":4,"column":16},"end":{"line":4,"column":22}},"loc":{"start":{"line":4,"column":22},"end":{"line":6,"column":1}}}},"branchMap":{},"s":{"0":2,"1":2,"2":3,"3":2},"f":{"0":3},"b":{}}
,"/Users/mark/git/react-api-wrapper/src/annotations/apiMapping.ts": {"path":"/Users/mark/git/react-api-wrapper/src/annotations/apiMapping.ts","statementMap":{"0":{"start":{"line":1,"column":0},"end":{"line":1,"column":26}},"1":{"start":{"line":2,"column":0},"end":{"line":2,"column":36}},"2":{"start":{"line":5,"column":2},"end":{"line":5,"column":42}},"3":{"start":{"line":4,"column":0},"end":{"line":4,"column":24}}},"fnMap":{"0":{"name":"apiMapping","decl":{"start":{"line":4,"column":24},"end":{"line":4,"column":34}},"loc":{"start":{"line":4,"column":46},"end":{"line":6,"column":1}}}},"branchMap":{},"s":{"0":2,"1":2,"2":3,"3":2},"f":{"0":3},"b":{}}
,"/Users/mark/git/react-api-wrapper/src/annotations/apiOptions.ts": {"path":"/Users/mark/git/react-api-wrapper/src/annotations/apiOptions.ts","statementMap":{"0":{"start":{"line":1,"column":0},"end":{"line":1,"column":26}},"1":{"start":{"line":2,"column":0},"end":{"line":2,"column":39}},"2":{"start":{"line":5,"column":2},"end":{"line":5,"column":51}},"3":{"start":{"line":4,"column":0},"end":{"line":4,"column":16}}},"fnMap":{"0":{"name":"apiOptions","decl":{"start":{"line":4,"column":16},"end":{"line":4,"column":26}},"loc":{"start":{"line":4,"column":26},"end":{"line":6,"column":1}}}},"branchMap":{},"s":{"0":1,"1":1,"2":1,"3":1},"f":{"0":1},"b":{}}
,"/Users/mark/git/react-api-wrapper/src/annotations/apiPatch.ts": {"path":"/Users/mark/git/react-api-wrapper/src/annotations/apiPatch.ts","statementMap":{"0":{"start":{"line":1,"column":0},"end":{"line":1,"column":26}},"1":{"start":{"line":2,"column":0},"end":{"line":2,"column":39}},"2":{"start":{"line":5,"column":2},"end":{"line":5,"column":49}},"3":{"start":{"line":4,"column":0},"end":{"line":4,"column":24}}},"fnMap":{"0":{"name":"apiPatch","decl":{"start":{"line":4,"column":24},"end":{"line":4,"column":32}},"loc":{"start":{"line":4,"column":32},"end":{"line":6,"column":1}}}},"branchMap":{},"s":{"0":1,"1":1,"2":1,"3":1},"f":{"0":1},"b":{}}
,"/Users/mark/git/react-api-wrapper/src/annotations/apiPost.ts": {"path":"/Users/mark/git/react-api-wrapper/src/annotations/apiPost.ts","statementMap":{"0":{"start":{"line":1,"column":0},"end":{"line":1,"column":26}},"1":{"start":{"line":2,"column":0},"end":{"line":2,"column":39}},"2":{"start":{"line":5,"column":2},"end":{"line":5,"column":48}},"3":{"start":{"line":4,"column":0},"end":{"line":4,"column":24}}},"fnMap":{"0":{"name":"apiPost","decl":{"start":{"line":4,"column":24},"end":{"line":4,"column":31}},"loc":{"start":{"line":4,"column":31},"end":{"line":6,"column":1}}}},"branchMap":{},"s":{"0":1,"1":1,"2":1,"3":1},"f":{"0":1},"b":{}}
,"/Users/mark/git/react-api-wrapper/src/annotations/apiPut.ts": {"path":"/Users/mark/git/react-api-wrapper/src/annotations/apiPut.ts","statementMap":{"0":{"start":{"line":1,"column":0},"end":{"line":1,"column":26}},"1":{"start":{"line":2,"column":0},"end":{"line":2,"column":39}},"2":{"start":{"line":5,"column":2},"end":{"line":5,"column":47}},"3":{"start":{"line":4,"column":0},"end":{"line":4,"column":24}}},"fnMap":{"0":{"name":"apiPut","decl":{"start":{"line":4,"column":24},"end":{"line":4,"column":30}},"loc":{"start":{"line":4,"column":30},"end":{"line":6,"column":1}}}},"branchMap":{},"s":{"0":1,"1":1,"2":1,"3":1},"f":{"0":1},"b":{}}
}
