TN:
SF:src/index.ts
FN:8,(anonymous_0)
FN:9,(anonymous_1)
FN:13,(anonymous_3)
FN:28,wrapWithReactApi
FN:33,(anonymous_6)
FN:35,(anonymous_7)
FN:38,(anonymous_8)
FN:39,(anonymous_9)
FN:42,(anonymous_10)
FN:45,(anonymous_11)
FN:54,(anonymous_12)
FN:56,(anonymous_13)
FN:60,(anonymous_14)
FN:74,(anonymous_15)
FN:75,(anonymous_16)
FN:76,(anonymous_17)
FNF:16
FNH:9
FNDA:8,(anonymous_0)
FNDA:20,(anonymous_1)
FNDA:9,(anonymous_3)
FNDA:4,wrapWithReactApi
FNDA:1,(anonymous_6)
FNDA:2,(anonymous_7)
FNDA:0,(anonymous_8)
FNDA:0,(anonymous_9)
FNDA:2,(anonymous_10)
FNDA:4,(anonymous_11)
FNDA:1,(anonymous_12)
FNDA:0,(anonymous_13)
FNDA:0,(anonymous_14)
FNDA:0,(anonymous_15)
FNDA:0,(anonymous_16)
FNDA:0,(anonymous_17)
DA:2,8
DA:4,8
DA:5,8
DA:6,8
DA:8,8
DA:9,8
DA:11,8
DA:13,8
DA:14,1
DA:15,1
DA:16,8
DA:28,8
DA:29,4
DA:30,4
DA:32,4
DA:34,1
DA:35,2
DA:36,1
DA:39,0
DA:42,4
DA:43,2
DA:45,2
DA:46,4
DA:47,4
DA:49,4
DA:54,4
DA:55,1
DA:56,0
DA:60,0
DA:65,1
DA:71,2
DA:74,4
DA:75,0
DA:76,0
DA:77,0
DA:79,0
DA:80,0
DA:81,0
DA:83,0
DA:84,0
DA:85,0
DA:87,0
DA:88,0
DA:92,0
DA:97,4
LF:45
LH:30
BRDA:78,0,0,0
BRDA:78,0,1,0
BRDA:78,0,2,0
BRDA:84,1,0,0
BRDA:84,1,1,0
BRDA:84,2,0,0
BRDA:84,2,1,0
BRDA:8,3,0,8
BRDA:8,3,1,8
BRF:9
BRH:2
end_of_record
TN:
SF:src/keys.ts
FNF:0
FNH:0
DA:1,8
DA:2,8
LF:2
LH:2
BRF:0
BRH:0
end_of_record
TN:
SF:src/toImmerable.ts
FN:3,toImmerable
FNF:1
FNH:1
FNDA:4,toImmerable
DA:1,9
DA:3,9
DA:4,4
LF:3
LH:3
BRF:0
BRH:0
end_of_record
TN:
SF:src/annotations/apiDelete.ts
FN:4,apiDelete
FNF:1
FNH:1
FNDA:1,apiDelete
DA:1,1
DA:2,1
DA:4,1
DA:5,1
LF:4
LH:4
BRF:0
BRH:0
end_of_record
TN:
SF:src/annotations/apiGet.ts
FN:4,apiGet
FNF:1
FNH:1
FNDA:3,apiGet
DA:1,2
DA:2,2
DA:4,2
DA:5,3
LF:4
LH:4
BRF:0
BRH:0
end_of_record
TN:
SF:src/annotations/apiMapping.ts
FN:4,apiMapping
FNF:1
FNH:1
FNDA:3,apiMapping
DA:1,2
DA:2,2
DA:4,2
DA:5,3
LF:4
LH:4
BRF:0
BRH:0
end_of_record
TN:
SF:src/annotations/apiOptions.ts
FN:4,apiOptions
FNF:1
FNH:1
FNDA:1,apiOptions
DA:1,1
DA:2,1
DA:4,1
DA:5,1
LF:4
LH:4
BRF:0
BRH:0
end_of_record
TN:
SF:src/annotations/apiPatch.ts
FN:4,apiPatch
FNF:1
FNH:1
FNDA:1,apiPatch
DA:1,1
DA:2,1
DA:4,1
DA:5,1
LF:4
LH:4
BRF:0
BRH:0
end_of_record
TN:
SF:src/annotations/apiPost.ts
FN:4,apiPost
FNF:1
FNH:1
FNDA:1,apiPost
DA:1,1
DA:2,1
DA:4,1
DA:5,1
LF:4
LH:4
BRF:0
BRH:0
end_of_record
TN:
SF:src/annotations/apiPut.ts
FN:4,apiPut
FNF:1
FNH:1
FNDA:1,apiPut
DA:1,1
DA:2,1
DA:4,1
DA:5,1
LF:4
LH:4
BRF:0
BRH:0
end_of_record
